0 info it worked if it ends with ok
1 verbose cli [ '/Users/liuam/.nvm/v0.10.33/bin/node',
1 verbose cli   '/Users/liuam/.nvm/v0.10.33/bin/npm',
1 verbose cli   'install',
1 verbose cli   'less-midddleware' ]
2 info using npm@1.4.28
3 info using node@v0.10.33
4 verbose readDependencies using package.json deps
5 verbose cache add [ 'less-midddleware', null ]
6 verbose cache add name=undefined spec="less-midddleware" args=["less-midddleware",null]
7 verbose parsed url { protocol: null,
7 verbose parsed url   slashes: null,
7 verbose parsed url   auth: null,
7 verbose parsed url   host: null,
7 verbose parsed url   port: null,
7 verbose parsed url   hostname: null,
7 verbose parsed url   hash: null,
7 verbose parsed url   search: null,
7 verbose parsed url   query: null,
7 verbose parsed url   pathname: 'less-midddleware',
7 verbose parsed url   path: 'less-midddleware',
7 verbose parsed url   href: 'less-midddleware' }
8 silly lockFile 88c01c17-less-midddleware less-midddleware
9 verbose lock less-midddleware /Users/liuam/.npm/88c01c17-less-midddleware.lock
10 silly lockFile 88c01c17-less-midddleware less-midddleware
11 silly lockFile 88c01c17-less-midddleware less-midddleware
12 verbose addNamed [ 'less-midddleware', '' ]
13 verbose addNamed [ null, '*' ]
14 silly lockFile fd13ba75-less-midddleware less-midddleware@
15 verbose lock less-midddleware@ /Users/liuam/.npm/fd13ba75-less-midddleware.lock
16 silly addNameRange { name: 'less-midddleware', range: '*', hasData: false }
17 verbose request where is /less-midddleware
18 verbose request registry https://registry.npmjs.org/
19 verbose request id 3605b9a26adc7549
20 verbose url raw /less-midddleware
21 verbose url resolving [ 'https://registry.npmjs.org/', './less-midddleware' ]
22 verbose url resolved https://registry.npmjs.org/less-midddleware
23 verbose request where is https://registry.npmjs.org/less-midddleware
24 info trying registry request attempt 1 at 01:42:13
25 http GET https://registry.npmjs.org/less-midddleware
26 http 404 https://registry.npmjs.org/less-midddleware
27 verbose headers { date: 'Wed, 07 Jan 2015 17:42:14 GMT',
27 verbose headers   server: 'CouchDB/1.5.0 (Erlang OTP/R14B04)',
27 verbose headers   'content-type': 'application/json',
27 verbose headers   'cache-control': 'max-age=0',
27 verbose headers   'content-length': '52',
27 verbose headers   'accept-ranges': 'bytes',
27 verbose headers   via: '1.1 varnish',
27 verbose headers   age: '0',
27 verbose headers   'x-served-by': 'cache-sjc3128-SJC',
27 verbose headers   'x-cache': 'MISS',
27 verbose headers   'x-cache-hits': '0',
27 verbose headers   'x-timer': 'S1420652534.890198,VS0,VE92',
27 verbose headers   'keep-alive': 'timeout=10, max=50',
27 verbose headers   connection: 'Keep-Alive' }
28 silly registry.get cb [ 404,
28 silly registry.get   { date: 'Wed, 07 Jan 2015 17:42:14 GMT',
28 silly registry.get     server: 'CouchDB/1.5.0 (Erlang OTP/R14B04)',
28 silly registry.get     'content-type': 'application/json',
28 silly registry.get     'cache-control': 'max-age=0',
28 silly registry.get     'content-length': '52',
28 silly registry.get     'accept-ranges': 'bytes',
28 silly registry.get     via: '1.1 varnish',
28 silly registry.get     age: '0',
28 silly registry.get     'x-served-by': 'cache-sjc3128-SJC',
28 silly registry.get     'x-cache': 'MISS',
28 silly registry.get     'x-cache-hits': '0',
28 silly registry.get     'x-timer': 'S1420652534.890198,VS0,VE92',
28 silly registry.get     'keep-alive': 'timeout=10, max=50',
28 silly registry.get     connection: 'Keep-Alive' } ]
29 silly lockFile fd13ba75-less-midddleware less-midddleware@
30 silly lockFile fd13ba75-less-midddleware less-midddleware@
31 error 404 404 Not Found: less-midddleware
31 error 404
31 error 404 'less-midddleware' is not in the npm registry.
31 error 404 You should bug the author to publish it
31 error 404 It was specified as a dependency of 'myapp'
31 error 404
31 error 404 Note that you can also install from a
31 error 404 tarball, folder, or http url, or git url.
32 error System Darwin 13.4.0
33 error command "/Users/liuam/.nvm/v0.10.33/bin/node" "/Users/liuam/.nvm/v0.10.33/bin/npm" "install" "less-midddleware"
34 error cwd /Users/liuam/Gabi/NodeJsBlueprints/lesson2/myapp
35 error node -v v0.10.33
36 error npm -v 1.4.28
37 error code E404
38 verbose exit [ 1, true ]
